<?xml version="1.0" encoding="UTF-8"?>
<beans xmlns="http://www.springframework.org/schema/beans"
	xmlns:xsi="http://www.w3.org/2001/XMLSchema-instance" xmlns:mongo="http://www.springframework.org/schema/data/mongo"
	xmlns:context="http://www.springframework.org/schema/context"
	xmlns:solr="http://www.springframework.org/schema/data/solr"
	xsi:schemaLocation="http://www.springframework.org/schema/beans http://www.springframework.org/schema/beans/spring-beans-3.2.xsd
	http://www.springframework.org/schema/context http://www.springframework.org/schema/context/spring-context-3.2.xsd
	http://www.springframework.org/schema/data/solr
	http://www.springframework.org/schema/data/solr/spring-solr-1.0.xsd">


	<description>test application context configuration</description>

	<context:component-scan base-package="com.ourownjava*" />

	<solr:solr-server id="solrServer" url="http://localhost:8983/solr" />
	
	<bean id="solrTemplate" class="org.springframework.data.solr.core.SolrTemplate">
         <constructor-arg index="0" ref="solrServer"/>
    </bean>
	
	<solr:repositories base-package="com.ourownjava.spring.data.solr" />
	
</beans>